#
# A fatal error has been detected by the Java Runtime Environment:
#
#  EXCEPTION_ACCESS_VIOLATION (0xc0000005) at pc=0x6d98aaeb, pid=14032, tid=11796
#
# JRE version: 6.0_45-b06
# Java VM: Java HotSpot(TM) Client VM (20.45-b01 mixed mode windows-x86 )
# Problematic frame:
# V  [jvm.dll+0xaaaeb]
#
# If you would like to submit a bug report, please visit:
#   http://java.sun.com/webapps/bugreport/crash.jsp
#

---------------  T H R E A D  ---------------

Current thread (0x0250b400):  JavaThread "JDWP Transport Listener: dt_socket" daemon [_thread_in_vm, id=11796, stack(0x18af0000,0x18b40000)]

siginfo: ExceptionCode=0xc0000005, reading address 0x00003b72

Registers:
EAX=0x00003b72, EBX=0x00000000, ECX=0x000071ee, EDX=0x00000000
ESP=0x18b3fa14, EBP=0x18b3fa18, ESI=0x0250b400, EDI=0x02450c00
EIP=0x6d98aaeb, EFLAGS=0x00010206

Top of Stack: (sp=0x18b3fa14)
0x18b3fa14:   0250b400 18b3fa40 6da793f2 00003b72
0x18b3fa24:   18b3fac4 18b3fa7b 0250b400 00000000
0x18b3fa34:   00000000 00000000 0250b400 18b3fa7c
0x18b3fa44:   6d449770 02450c00 00003b72 18b3fa7b
0x18b3fa54:   00003b72 6d4342c9 00003b72 18b3fa7b
0x18b3fa64:   00000007 00000000 00000000 0000000a
0x18b3fa74:   00000000 00b3fa9c 18b3fa9c 6d434434
0x18b3fa84:   00000001 18b3fab8 18b3fc54 6d452b02 

Instructions: (pc=0x6d98aaeb)
0x6d98aacb:   4e 10 89 4f 0c 5f 5e 5d c2 0c 00 cc cc cc cc cc
0x6d98aadb:   cc cc cc cc cc 55 8b ec 8b 45 08 85 c0 56 74 25
0x6d98aaeb:   8b 30 85 f6 74 1f 81 fe fe fe fe fe 74 17 8b 46
0x6d98aafb:   04 8d 48 08 8b 01 ff 90 90 00 00 00 84 c0 74 05 


Register to memory mapping:

EAX=0x00003b72 is an unknown value
EBX=0x00000000 is an unknown value
ECX=0x000071ee is an unknown value
EDX=0x00000000 is an unknown value
ESP=0x18b3fa14 is pointing into the stack for thread: 0x0250b400
EBP=0x18b3fa18 is pointing into the stack for thread: 0x0250b400
ESI=0x0250b400 is a thread
EDI=0x02450c00 is an unknown value


Stack: [0x18af0000,0x18b40000],  sp=0x18b3fa14,  free space=318k
Native frames: (J=compiled Java code, j=interpreted, Vv=VM code, C=native code)
V  [jvm.dll+0xaaaeb]
V  [jvm.dll+0x1993f2]
C  [jdwp.dll+0x19770]  Agent_OnLoad+0xe6e5
C  [jdwp.dll+0x4434]
C  [jdwp.dll+0x4472]
C  [jdwp.dll+0x17d55]  Agent_OnLoad+0xccca
V  [jvm.dll+0x14217c]
C  [msvcr71.dll+0x9565]  endthreadex+0xa0
C  [kernel32.dll+0x1338a]  BaseThreadInitThunk+0x12
C  [ntdll.dll+0x39f72]  RtlInitializeExceptionChain+0x63
C  [ntdll.dll+0x39f45]  RtlInitializeExceptionChain+0x36


---------------  P R O C E S S  ---------------

Java Threads: ( => current thread )
  0x18eafc00 JavaThread "AWT-Windows" daemon [_thread_in_native, id=11328, stack(0x19270000,0x192c0000)]
  0x18eab800 JavaThread "Java2D Disposer" daemon [_thread_blocked, id=12756, stack(0x19120000,0x19170000)]
  0x0252a000 JavaThread "Low Memory Detector" daemon [_thread_blocked, id=14008, stack(0x18d30000,0x18d80000)]
  0x0251d400 JavaThread "C1 CompilerThread0" daemon [_thread_blocked, id=12932, stack(0x18ca0000,0x18cf0000)]
  0x0250e800 JavaThread "JDWP Command Reader" daemon [_thread_in_native, id=10044, stack(0x18c10000,0x18c60000)]
  0x0250d800 JavaThread "JDWP Event Helper Thread" daemon [_thread_blocked, id=13240, stack(0x18b80000,0x18bd0000)]
=>0x0250b400 JavaThread "JDWP Transport Listener: dt_socket" daemon [_thread_in_vm, id=11796, stack(0x18af0000,0x18b40000)]
  0x024ff000 JavaThread "Attach Listener" daemon [_thread_blocked, id=12844, stack(0x18730000,0x18780000)]
  0x024fc000 JavaThread "Signal Dispatcher" daemon [_thread_blocked, id=13568, stack(0x186a0000,0x186f0000)]
  0x024d1000 JavaThread "Finalizer" daemon [_thread_blocked, id=14072, stack(0x18610000,0x18660000)]
  0x024cc400 JavaThread "Reference Handler" daemon [_thread_blocked, id=12396, stack(0x18580000,0x185d0000)]
  0x003a9400 JavaThread "main" [_thread_blocked, id=13800, stack(0x005c0000,0x00610000)]

Other Threads:
  0x024c7c00 VMThread [stack: 0x02100000,0x02150000] [id=12116]
  0x0252b000 WatcherThread [stack: 0x18dc0000,0x18e10000] [id=14236]

VM state:not at safepoint (normal execution)

VM Mutex/Monitor currently owned by a thread: None

Heap
 def new generation   total 4928K, used 3503K [0x04540000, 0x04a90000, 0x09a90000)
  eden space 4416K,  79% used [0x04540000, 0x048abc30, 0x04990000)
  from space 512K,   0% used [0x04990000, 0x04990000, 0x04a10000)
  to   space 512K,   0% used [0x04a10000, 0x04a10000, 0x04a90000)
 tenured generation   total 10944K, used 0K [0x09a90000, 0x0a540000, 0x14540000)
   the space 10944K,   0% used [0x09a90000, 0x09a90000, 0x09a90200, 0x0a540000)
 compacting perm gen  total 12288K, used 8143K [0x14540000, 0x15140000, 0x18540000)
   the space 12288K,  66% used [0x14540000, 0x14d33c68, 0x14d33e00, 0x15140000)
No shared spaces configured.

Code Cache  [0x02540000, 0x025d8000, 0x04540000)
 total_blobs=251 nmethods=78 adapters=117 free_code_cache=32947584 largest_free_block=0

Dynamic libraries:
0x00400000 - 0x00425000 	C:\Program Files (x86)\Java\jdk1.6.0_45\bin\javaw.exe
0x76eb0000 - 0x77030000 	C:\Windows\SysWOW64\ntdll.dll
0x74f80000 - 0x75090000 	C:\Windows\syswow64\kernel32.dll
0x76520000 - 0x76567000 	C:\Windows\syswow64\KERNELBASE.dll
0x74c40000 - 0x74ce0000 	C:\Windows\syswow64\ADVAPI32.dll
0x74b90000 - 0x74c3c000 	C:\Windows\syswow64\msvcrt.dll
0x74ae0000 - 0x74af9000 	C:\Windows\SysWOW64\sechost.dll
0x74940000 - 0x74a30000 	C:\Windows\syswow64\RPCRT4.dll
0x748d0000 - 0x74930000 	C:\Windows\syswow64\SspiCli.dll
0x748c0000 - 0x748cc000 	C:\Windows\syswow64\CRYPTBASE.dll
0x76720000 - 0x76820000 	C:\Windows\syswow64\USER32.dll
0x76a20000 - 0x76ab0000 	C:\Windows\syswow64\GDI32.dll
0x76e80000 - 0x76e8a000 	C:\Windows\syswow64\LPK.dll
0x74a40000 - 0x74add000 	C:\Windows\syswow64\USP10.dll
0x764c0000 - 0x76520000 	C:\Windows\system32\IMM32.DLL
0x74ce0000 - 0x74dac000 	C:\Windows\syswow64\MSCTF.dll
0x743b0000 - 0x743ef000 	C:\PROGRA~1\Citrix\System32\MFAPHOOK.DLL
0x74380000 - 0x743a8000 	C:\Program Files\Citrix\ICAService\ShellHook.dll
0x76570000 - 0x766cc000 	C:\Windows\syswow64\ole32.dll
0x76460000 - 0x764b7000 	C:\Windows\syswow64\SHLWAPI.dll
0x751a0000 - 0x75dea000 	C:\Windows\syswow64\SHELL32.dll
0x742b0000 - 0x7437d000 	C:\Program Files\Citrix\ICAService\SCardHook.dll
0x74190000 - 0x742a9000 	C:\Program Files\Citrix\ICAService\twnhook.dll
0x74170000 - 0x7418b000 	C:\Program Files\Citrix\ICAService\cxinjime.dll
0x74130000 - 0x7416a000 	C:\PROGRA~2\Citrix\OFFLIN~1\system32\radeaphook.dll
0x74070000 - 0x7412d000 	C:\PROGRA~2\Citrix\OFFLIN~1\system32\ctxsbxhook.dll
0x73e20000 - 0x74065000 	C:\Windows\system32\msi.dll
0x7c340000 - 0x7c396000 	C:\Program Files (x86)\Java\jdk1.6.0_45\jre\bin\msvcr71.dll
0x6d8e0000 - 0x6db90000 	C:\Program Files (x86)\Java\jdk1.6.0_45\jre\bin\client\jvm.dll
0x6dc10000 - 0x6dc42000 	C:\Windows\system32\WINMM.dll
0x70bd0000 - 0x70c1c000 	C:\Windows\system32\apphelp.dll
0x6d890000 - 0x6d89c000 	C:\Program Files (x86)\Java\jdk1.6.0_45\jre\bin\verify.dll
0x6d3e0000 - 0x6d3ff000 	C:\Program Files (x86)\Java\jdk1.6.0_45\jre\bin\java.dll
0x6d430000 - 0x6d459000 	C:\Program Files (x86)\Java\jdk1.6.0_45\jre\bin\jdwp.dll
0x6d750000 - 0x6d756000 	C:\Program Files (x86)\Java\jdk1.6.0_45\jre\bin\npt.dll
0x6d8d0000 - 0x6d8df000 	C:\Program Files (x86)\Java\jdk1.6.0_45\jre\bin\zip.dll
0x6d2b0000 - 0x6d2b7000 	C:\Program Files (x86)\Java\jdk1.6.0_45\jre\bin\dt_socket.dll
0x76090000 - 0x760c5000 	C:\Windows\syswow64\WS2_32.dll
0x76a00000 - 0x76a06000 	C:\Windows\syswow64\NSI.dll
0x71950000 - 0x71960000 	C:\Windows\system32\NLAapi.dll
0x70cc0000 - 0x70cd0000 	C:\Windows\system32\napinsp.dll
0x70ca0000 - 0x70cb2000 	C:\Windows\system32\pnrpnsp.dll
0x70c60000 - 0x70c9c000 	C:\Windows\System32\mswsock.dll
0x70b80000 - 0x70bc4000 	C:\Windows\system32\DNSAPI.dll
0x70b60000 - 0x70b68000 	C:\Windows\System32\winrnr.dll
0x6f480000 - 0x6f49c000 	C:\Windows\system32\IPHLPAPI.DLL
0x6f470000 - 0x6f477000 	C:\Windows\system32\WINNSI.DLL
0x6e220000 - 0x6e258000 	C:\Windows\System32\fwpuclnt.dll
0x6e260000 - 0x6e266000 	C:\Windows\system32\rasadhlp.dll
0x70a10000 - 0x70a15000 	C:\Windows\System32\wshtcpip.dll
0x6d0b0000 - 0x6d1fc000 	C:\Program Files (x86)\Java\jdk1.6.0_45\jre\bin\awt.dll
0x6c620000 - 0x6c671000 	C:\Windows\system32\WINSPOOL.DRV
0x6e3f0000 - 0x6e58e000 	C:\Windows\WinSxS\x86_microsoft.windows.common-controls_6595b64144ccf1df_6.0.7601.17514_none_41e6975e2bd6f2b2\COMCTL32.dll
0x6dbb0000 - 0x6dbc3000 	C:\Windows\system32\DWMAPI.DLL
0x6d2e0000 - 0x6d336000 	C:\Program Files (x86)\Java\jdk1.6.0_45\jre\bin\fontmanager.dll
0x6d6c0000 - 0x6d6d3000 	C:\Program Files (x86)\Java\jdk1.6.0_45\jre\bin\net.dll
0x6e270000 - 0x6e276000 	C:\Windows\System32\wship6.dll
0x6d6e0000 - 0x6d6e9000 	C:\Program Files (x86)\Java\jdk1.6.0_45\jre\bin\nio.dll
0x76450000 - 0x76455000 	C:\Windows\system32\PSAPI.DLL

VM Arguments:
jvm_args: -agentlib:jdwp=transport=dt_socket,suspend=y,address=localhost:58906 -Dfile.encoding=UTF-8 
java_command: main
Launcher Type: SUN_STANDARD

Environment Variables:
PATH=C:\Program Files (x86)\Java\jdk1.6.0_45\jre\bin;C:/Program Files (x86)/Java/jdk1.6.0_45/bin/../jre/bin/client;C:/Program Files (x86)/Java/jdk1.6.0_45/bin/../jre/bin;C:\Windows\system32;C:\Windows;C:\Windows\System32\Wbem;C:\Program Files\TortoiseSVN\bin;C:\Program Files (x86)\Citrix\System32\;C:\Program Files (x86)\Common Files\Citrix\System32\;C:\Program Files\Citrix\ICAService\;C:\Program Files\Citrix\System32\;C:\Program Files (x86)\Citrix\Offline Plugin\system32\;C:\Windows\System32\WindowsPowerShell\v1.0\;C:\Windows\System32\WindowsPowerShell\v1.0\
USERNAME=dochievid
OS=Windows_NT
PROCESSOR_IDENTIFIER=Intel64 Family 6 Model 45 Stepping 2, GenuineIntel



---------------  S Y S T E M  ---------------

OS: Windows 7 , 64 bit Build 7601 Service Pack 1

CPU:total 2 (1 cores per cpu, 1 threads per core) family 6 model 45 stepping 2, cmov, cx8, fxsr, mmx, sse, sse2, sse3, ssse3, sse4.1, sse4.2, popcnt

Memory: 4k page, physical 4193848k(1878852k free), swap 8385832k(3458836k free)

vm_info: Java HotSpot(TM) Client VM (20.45-b01) for windows-x86 JRE (1.6.0_45-b06), built on Mar 26 2013 13:40:03 by "java_re" with MS VC++ 7.1 (VS2003)

time: Wed Nov 30 17:05:54 2016
elapsed time: 503 seconds

